<?xml version="1.0" encoding="UTF-8"?>
<!-- Generated by org.testng.reporters.JUnitXMLReporter -->
<testsuite ignored="0" hostname="LAPTOP-QAEBA5FP" failures="0" tests="4" name="Default test" time="4.651" errors="0" timestamp="2023-08-06T17:39:03 IST">
  <testcase classname="HttpMethods" name="createUser" time="2.943"/>
  <testcase classname="HttpMethods" name="getUsers" time="0.434"/>
  <testcase classname="HttpMethods" name="updateRequest" time="0.512"/>
  <testcase classname="HttpMethods" name="deleteRequest" time="0.718"/>
</testsuite> <!-- Default test -->
