<?xml version="1.0" encoding="UTF-8"?>
<testng-results ignored="0" total="1" passed="1" failed="0" skipped="0">
  <reporter-output>
  </reporter-output>
  <suite started-at="2022-11-26T20:48:54 IST" name="Default suite" finished-at="2022-11-26T20:49:32 IST" duration-ms="38259">
    <groups>
    </groups>
    <test started-at="2022-11-26T20:48:54 IST" name="Default test" finished-at="2022-11-26T20:49:32 IST" duration-ms="38259">
      <class name="com.qa.ActionsSelenium.ActionsTestClass">
        <test-method is-config="true" signature="init()[pri:0, instance:com.qa.ActionsSelenium.ActionsTestClass@35047d03]" started-at="2022-11-26T20:48:54 IST" name="init" finished-at="2022-11-26T20:49:27 IST" duration-ms="33539" status="PASS">
          <reporter-output>
          </reporter-output>
        </test-method> <!-- init -->
        <test-method signature="drragablemethodTest()[pri:0, instance:com.qa.ActionsSelenium.ActionsTestClass@35047d03]" started-at="2022-11-26T20:49:27 IST" name="drragablemethodTest" finished-at="2022-11-26T20:49:32 IST" duration-ms="4413" status="PASS">
          <reporter-output>
          </reporter-output>
        </test-method> <!-- drragablemethodTest -->
        <test-method is-config="true" signature="tearDown()[pri:0, instance:com.qa.ActionsSelenium.ActionsTestClass@35047d03]" started-at="2022-11-26T20:49:32 IST" name="tearDown" finished-at="2022-11-26T20:49:32 IST" duration-ms="271" status="PASS">
          <reporter-output>
          </reporter-output>
        </test-method> <!-- tearDown -->
      </class> <!-- com.qa.ActionsSelenium.ActionsTestClass -->
    </test> <!-- Default test -->
  </suite> <!-- Default suite -->
</testng-results>
