<?xml version="1.0" encoding="UTF-8"?>
<!-- Generated by org.testng.reporters.JUnitXMLReporter -->
<testsuite ignored="1" hostname="LAPTOP-QAEBA5FP" failures="2" tests="2" name="Test" time="63.905" errors="0" timestamp="2023-07-07T11:14:50 IST">
  <testcase classname="FirstSeleniumCourse.FirstSeleniumCourse.GenericTestCases" name="selectClass" time="41.192">
    <failure type="org.openqa.selenium.NoSuchElementException" message="Cannot locate option with value: 2rt9
For documentation on this error, please visit: https://www.seleniumhq.org/exceptions/no_such_element.html
Build info: version: &amp;apos;3.141.59&amp;apos;, revision: &amp;apos;e82be7d358&amp;apos;, time: &amp;apos;2018-11-14T08:17:03&amp;apos;
System info: host: &amp;apos;LAPTOP-QAEBA5FP&amp;apos;, ip: &amp;apos;192.168.0.104&amp;apos;, os.name: &amp;apos;Windows 11&amp;apos;, os.arch: &amp;apos;amd64&amp;apos;, os.version: &amp;apos;10.0&amp;apos;, java.version: &amp;apos;18.0.1.1&amp;apos;
Driver info: driver.version: unknown">
      <![CDATA[org.openqa.selenium.NoSuchElementException: Cannot locate option with value: 2rt9
For documentation on this error, please visit: https://www.seleniumhq.org/exceptions/no_such_element.html
Build info: version: '3.141.59', revision: 'e82be7d358', time: '2018-11-14T08:17:03'
System info: host: 'LAPTOP-QAEBA5FP', ip: '192.168.0.104', os.name: 'Windows 11', os.arch: 'amd64', os.version: '10.0', java.version: '18.0.1.1'
Driver info: driver.version: unknown
at org.openqa.selenium.support.ui.Select.findOptionsByValue(Select.java:283)
at org.openqa.selenium.support.ui.Select.selectByValue(Select.java:186)
at FirstSeleniumCourse.FirstSeleniumCourse.GenericTestCases.selectClass(GenericTestCases.java:78)
at java.base/java.util.ArrayList.forEach(ArrayList.java:1511)
... Removed 25 stack frames]]>
    </failure>
  </testcase> <!-- selectClass -->
  <testcase classname="FirstSeleniumCourse.FirstSeleniumCourse.GenericTestCases" name="brokenLinksAndImagesHandling" time="18.129">
    <failure type="java.net.ProtocolException" message="Server redirected too many  times (20)">
      <![CDATA[java.net.ProtocolException: Server redirected too many  times (20)
at java.base/sun.net.www.protocol.http.HttpURLConnection.getInputStream0(HttpURLConnection.java:2005)
at java.base/sun.net.www.protocol.http.HttpURLConnection.getInputStream(HttpURLConnection.java:1589)
at java.base/java.net.HttpURLConnection.getResponseCode(HttpURLConnection.java:529)
at java.base/sun.net.www.protocol.https.HttpsURLConnectionImpl.getResponseCode(HttpsURLConnectionImpl.java:308)
at FirstSeleniumCourse.FirstSeleniumCourse.GenericTestCases.brokenLinksAndImagesHandling(GenericTestCases.java:64)
at java.base/java.util.ArrayList.forEach(ArrayList.java:1511)
... Removed 25 stack frames]]>
    </failure>
  </testcase> <!-- brokenLinksAndImagesHandling -->
  <testcase classname="FirstSeleniumCourse.FirstSeleniumCourse.GenericTestCases" name="readingExcelData" time="0.0">
    <ignored/>
  </testcase> <!-- readingExcelData -->
</testsuite> <!-- Test -->
