<?xml version="1.0" encoding="UTF-8"?>
<testng-results ignored="0" total="4" passed="4" failed="0" skipped="0">
  <reporter-output>
  </reporter-output>
  <suite started-at="2023-08-06T17:38:59 IST" name="Default suite" finished-at="2023-08-06T17:39:03 IST" duration-ms="4651">
    <groups>
    </groups>
    <test started-at="2023-08-06T17:38:59 IST" name="Default test" finished-at="2023-08-06T17:39:03 IST" duration-ms="4651">
      <class name="HttpMethods">
        <test-method signature="createUser()[pri:0, instance:HttpMethods@470f1802]" started-at="2023-08-06T17:38:59 IST" name="createUser" finished-at="2023-08-06T17:39:02 IST" duration-ms="2943" status="PASS">
          <reporter-output>
          </reporter-output>
        </test-method> <!-- createUser -->
        <test-method signature="getUsers()[pri:1, instance:HttpMethods@470f1802]" started-at="2023-08-06T17:39:02 IST" name="getUsers" finished-at="2023-08-06T17:39:02 IST" duration-ms="434" status="PASS">
          <reporter-output>
          </reporter-output>
        </test-method> <!-- getUsers -->
        <test-method signature="updateRequest()[pri:3, instance:HttpMethods@470f1802]" started-at="2023-08-06T17:39:02 IST" name="updateRequest" finished-at="2023-08-06T17:39:03 IST" depends-on-methods="HttpMethods.createUser" duration-ms="512" status="PASS">
          <reporter-output>
          </reporter-output>
        </test-method> <!-- updateRequest -->
        <test-method signature="deleteRequest()[pri:4, instance:HttpMethods@470f1802]" started-at="2023-08-06T17:39:03 IST" name="deleteRequest" finished-at="2023-08-06T17:39:03 IST" duration-ms="718" status="PASS">
          <reporter-output>
          </reporter-output>
        </test-method> <!-- deleteRequest -->
      </class> <!-- HttpMethods -->
    </test> <!-- Default test -->
  </suite> <!-- Default suite -->
</testng-results>
