<?xml version="1.0" encoding="UTF-8"?>
<testng-results ignored="0" total="1" passed="1" failed="0" skipped="0">
  <reporter-output>
  </reporter-output>
  <suite started-at="2024-01-24T11:00:55 IST" name="Default suite" finished-at="2024-01-24T11:01:09 IST" duration-ms="14400">
    <groups>
    </groups>
    <test started-at="2024-01-24T11:00:55 IST" name="Default test" finished-at="2024-01-24T11:01:09 IST" duration-ms="14400">
      <class name="FirstSeleniumCourse.FirstSeleniumCourse.GenericTestCases">
        <test-method is-config="true" signature="setUp()[pri:0, instance:FirstSeleniumCourse.FirstSeleniumCourse.GenericTestCases@19bb07ed]" started-at="2024-01-24T11:00:55 IST" name="setUp" finished-at="2024-01-24T11:01:01 IST" duration-ms="6580" status="PASS">
          <reporter-output>
          </reporter-output>
        </test-method> <!-- setUp -->
        <test-method signature="brokenLinksAndImagesHandling()[pri:2, instance:FirstSeleniumCourse.FirstSeleniumCourse.GenericTestCases@19bb07ed]" started-at="2024-01-24T11:01:01 IST" name="brokenLinksAndImagesHandling" finished-at="2024-01-24T11:01:09 IST" duration-ms="7458" status="PASS">
          <reporter-output>
          </reporter-output>
        </test-method> <!-- brokenLinksAndImagesHandling -->
        <test-method is-config="true" signature="tearDown()[pri:0, instance:FirstSeleniumCourse.FirstSeleniumCourse.GenericTestCases@19bb07ed]" started-at="2024-01-24T11:01:09 IST" name="tearDown" finished-at="2024-01-24T11:01:09 IST" duration-ms="311" status="PASS">
          <reporter-output>
          </reporter-output>
        </test-method> <!-- tearDown -->
      </class> <!-- FirstSeleniumCourse.FirstSeleniumCourse.GenericTestCases -->
    </test> <!-- Default test -->
  </suite> <!-- Default suite -->
</testng-results>
